<?xml version="1.0" encoding="UTF-8"?>
<testsuite xmlns:xsi="http://www.w3.org/2001/XMLSchema-instance" xsi:noNamespaceSchemaLocation="https://maven.apache.org/surefire/maven-surefire-plugin/xsd/surefire-test-report.xsd" name="ApiTest" time="5.819" tests="5" errors="0" skipped="0" failures="4">
  <properties>
[...]
</properties>
  <testcase name="testEmployeeNamesAreUnique" classname="ApiTest" time="2.221"/>
  <testcase name="testEmployeesApi" classname="ApiTest" time="0.984">
    <failure message="1 expectation failed.&#10;Expected status code &lt;200&gt; but was &lt;429&gt;.&#10;" type="java.lang.AssertionError"><![CDATA[java.lang.AssertionError: 
1 expectation failed.
Expected status code <200> but was <429>.

	at ApiTest.testEmployeesApi(ApiTest.java:24)
]]></failure>
  </testcase>
  <testcase name="testSpecificEmployeeDetails" classname="ApiTest" time="0.794">
    <failure message="1 expectation failed.&#10;Expected status code &lt;200&gt; but was &lt;429&gt;.&#10;" type="java.lang.AssertionError"><![CDATA[java.lang.AssertionError: 
1 expectation failed.
Expected status code <200> but was <429>.

	at ApiTest.testSpecificEmployeeDetails(ApiTest.java:56)
]]></failure>
  </testcase>
  <testcase name="testEmployeeSalariesArePositive" classname="ApiTest" time="0.829">
    <failure message="1 expectation failed.&#10;Expected status code &lt;200&gt; but was &lt;429&gt;.&#10;" type="java.lang.AssertionError"><![CDATA[java.lang.AssertionError: 
1 expectation failed.
Expected status code <200> but was <429>.

	at ApiTest.testEmployeeSalariesArePositive(ApiTest.java:44)
]]></failure>
  </testcase>
  <testcase name="testEmployeeNamesPattern" classname="ApiTest" time="0.961">
    <failure message="1 expectation failed.&#10;Expected status code &lt;200&gt; but was &lt;429&gt;.&#10;" type="java.lang.AssertionError"><![CDATA[java.lang.AssertionError: 
1 expectation failed.
Expected status code <200> but was <429>.

	at ApiTest.testEmployeeNamesPattern(ApiTest.java:87)
]]></failure>
  </testcase>
</testsuite>